{
  "stats": {
    "suites": 1,
    "tests": 2,
    "passes": 1,
    "pending": 0,
    "failures": 1,
    "start": "2024-10-03T02:55:36.354Z",
    "end": "2024-10-03T02:55:48.907Z",
    "duration": 12553,
    "testsRegistered": 2,
    "passPercent": 50,
    "pendingPercent": 0,
    "other": 0,
    "hasOther": false,
    "skipped": 0,
    "hasSkipped": false
  },
  "results": [
    {
      "uuid": "0acba693-02e2-47e1-86d2-c457ac592895",
      "title": "",
      "fullFile": "cypress/e2e/tests/register.spec.js",
      "file": "cypress/e2e/tests/register.spec.js",
      "beforeHooks": [],
      "afterHooks": [],
      "tests": [],
      "suites": [
        {
          "uuid": "298f9f98-19e7-4ca0-aab1-e0a10ebed24e",
          "title": "Registro de usuario",
          "fullFile": "",
          "file": "",
          "beforeHooks": [],
          "afterHooks": [],
          "tests": [
            {
              "title": "Debería registrar un usuario nuevo",
              "fullTitle": "Registro de usuario Debería registrar un usuario nuevo",
              "timedOut": null,
              "duration": 8089,
              "state": "failed",
              "speed": null,
              "pass": false,
              "fail": true,
              "pending": false,
              "context": null,
              "code": "cy.fixture('user').then(user => {\n  _registerPage.registerPage.visit();\n  _registerPage.registerPage.fillRegistrationForm(user);\n  cy.contains('Your account was created successfully').should('be.visible');\n});",
              "err": {
                "message": "AssertionError: Timed out retrying after 4000ms: Expected to find content: 'Your account was created successfully' but never did.",
                "estack": "AssertionError: Timed out retrying after 4000ms: Expected to find content: 'Your account was created successfully' but never did.\n    at Context.eval (webpack://pruebasautomatizadas/./cypress/e2e/tests/register.spec.js:8:59)",
                "diff": null
              },
              "uuid": "8c5a9928-537b-44fd-9b3e-ec81872c5f90",
              "parentUUID": "298f9f98-19e7-4ca0-aab1-e0a10ebed24e",
              "isHook": false,
              "skipped": false
            },
            {
              "title": "Debería mostrar un mensaje de usuario ya existente",
              "fullTitle": "Registro de usuario Debería mostrar un mensaje de usuario ya existente",
              "timedOut": null,
              "duration": 3562,
              "state": "passed",
              "speed": "fast",
              "pass": true,
              "fail": false,
              "pending": false,
              "context": null,
              "code": "cy.fixture('user').then(user => {\n  _registerPage.registerPage.visit();\n  _registerPage.registerPage.fillRegistrationForm(user);\n  cy.contains('This username already exists.').should('be.visible');\n});",
              "err": {},
              "uuid": "1af64b0c-db93-4cc6-a1a3-386c447e4c7e",
              "parentUUID": "298f9f98-19e7-4ca0-aab1-e0a10ebed24e",
              "isHook": false,
              "skipped": false
            }
          ],
          "suites": [],
          "passes": [
            "1af64b0c-db93-4cc6-a1a3-386c447e4c7e"
          ],
          "failures": [
            "8c5a9928-537b-44fd-9b3e-ec81872c5f90"
          ],
          "pending": [],
          "skipped": [],
          "duration": 11651,
          "root": false,
          "rootEmpty": false,
          "_timeout": 2000
        }
      ],
      "passes": [],
      "failures": [],
      "pending": [],
      "skipped": [],
      "duration": 0,
      "root": true,
      "rootEmpty": true,
      "_timeout": 2000
    }
  ],
  "meta": {
    "mocha": {
      "version": "7.0.1"
    },
    "mochawesome": {
      "options": {
        "quiet": false,
        "reportFilename": "mochawesome",
        "saveHtml": true,
        "saveJson": true,
        "consoleReporter": "spec",
        "useInlineDiffs": false,
        "code": true
      },
      "version": "7.1.3"
    },
    "marge": {
      "options": {
        "reportDir": "cypress/reports",
        "overwrite": false,
        "html": true,
        "json": true,
        "timestamp": "yyyy-mm-dd_HH-MM-ss"
      },
      "version": "6.2.0"
    }
  }
}